<?xml version="1.0" encoding="UTF-8"?>
<coverage generated="1676706123511" clover="3.2.0">
  <project timestamp="1676706123511" name="All files">
    <metrics statements="78" coveredstatements="72" conditionals="40" coveredconditionals="34" methods="15" coveredmethods="15" elements="133" coveredelements="121" complexity="0" loc="78" ncloc="78" packages="2" files="6" classes="6"/>
    <package name="src">
      <metrics statements="29" coveredstatements="27" conditionals="13" coveredconditionals="11" methods="6" coveredmethods="6"/>
      <file name="difference.js" path="/Users/ildar/project_2/frontend-project-46/src/difference.js">
        <metrics statements="15" coveredstatements="15" conditionals="10" coveredconditionals="10" methods="3" coveredmethods="3"/>
        <line num="3" count="20" type="stmt"/>
        <line num="5" count="1" type="stmt"/>
        <line num="6" count="10" type="stmt"/>
        <line num="7" count="10" type="stmt"/>
        <line num="9" count="10" type="stmt"/>
        <line num="10" count="36" type="cond" truecount="4" falsecount="0"/>
        <line num="11" count="8" type="stmt"/>
        <line num="12" count="28" type="cond" truecount="2" falsecount="0"/>
        <line num="13" count="10" type="stmt"/>
        <line num="14" count="18" type="cond" truecount="2" falsecount="0"/>
        <line num="15" count="4" type="stmt"/>
        <line num="16" count="14" type="cond" truecount="2" falsecount="0"/>
        <line num="17" count="8" type="stmt"/>
        <line num="21" count="6" type="stmt"/>
        <line num="23" count="10" type="stmt"/>
      </file>
      <file name="index.js" path="/Users/ildar/project_2/frontend-project-46/src/index.js">
        <metrics statements="6" coveredstatements="6" conditionals="0" coveredconditionals="0" methods="1" coveredmethods="1"/>
        <line num="5" count="1" type="stmt"/>
        <line num="6" count="2" type="stmt"/>
        <line num="7" count="2" type="stmt"/>
        <line num="8" count="2" type="stmt"/>
        <line num="9" count="2" type="stmt"/>
        <line num="10" count="2" type="stmt"/>
      </file>
      <file name="parsers.js" path="/Users/ildar/project_2/frontend-project-46/src/parsers.js">
        <metrics statements="8" coveredstatements="6" conditionals="3" coveredconditionals="1" methods="2" coveredmethods="2"/>
        <line num="5" count="4" type="stmt"/>
        <line num="6" count="1" type="stmt"/>
        <line num="7" count="4" type="stmt"/>
        <line num="8" count="4" type="stmt"/>
        <line num="9" count="4" type="cond" truecount="1" falsecount="2"/>
        <line num="11" count="4" type="stmt"/>
        <line num="13" count="0" type="stmt"/>
        <line num="15" count="0" type="stmt"/>
      </file>
    </package>
    <package name="src.formatters">
      <metrics statements="49" coveredstatements="45" conditionals="27" coveredconditionals="23" methods="9" coveredmethods="9"/>
      <file name="index.js" path="/Users/ildar/project_2/frontend-project-46/src/formatters/index.js">
        <metrics statements="5" coveredstatements="4" conditionals="3" coveredconditionals="2" methods="1" coveredmethods="1"/>
        <line num="4" count="1" type="stmt"/>
        <line num="5" count="2" type="cond" truecount="2" falsecount="1"/>
        <line num="7" count="1" type="stmt"/>
        <line num="9" count="1" type="stmt"/>
        <line num="11" count="0" type="stmt"/>
      </file>
      <file name="plain.js" path="/Users/ildar/project_2/frontend-project-46/src/formatters/plain.js">
        <metrics statements="19" coveredstatements="17" conditionals="11" coveredconditionals="9" methods="4" coveredmethods="4"/>
        <line num="3" count="1" type="stmt"/>
        <line num="4" count="13" type="cond" truecount="2" falsecount="0"/>
        <line num="5" count="7" type="stmt"/>
        <line num="7" count="6" type="cond" truecount="2" falsecount="0"/>
        <line num="8" count="3" type="stmt"/>
        <line num="10" count="3" type="stmt"/>
        <line num="13" count="1" type="cond" truecount="1" falsecount="0"/>
        <line num="14" count="18" type="stmt"/>
        <line num="16" count="15" type="stmt"/>
        <line num="17" count="15" type="stmt"/>
        <line num="18" count="15" type="cond" truecount="4" falsecount="2"/>
        <line num="20" count="4" type="stmt"/>
        <line num="22" count="5" type="stmt"/>
        <line num="24" count="2" type="stmt"/>
        <line num="26" count="4" type="stmt"/>
        <line num="28" count="0" type="stmt"/>
        <line num="30" count="0" type="stmt"/>
        <line num="33" count="5" type="stmt"/>
        <line num="34" count="5" type="stmt"/>
      </file>
      <file name="stylish.js" path="/Users/ildar/project_2/frontend-project-46/src/formatters/stylish.js">
        <metrics statements="25" coveredstatements="24" conditionals="13" coveredconditionals="12" methods="4" coveredmethods="4"/>
        <line num="3" count="1" type="cond" truecount="1" falsecount="0"/>
        <line num="4" count="27" type="stmt"/>
        <line num="5" count="27" type="stmt"/>
        <line num="6" count="27" type="stmt"/>
        <line num="7" count="27" type="stmt"/>
        <line num="8" count="27" type="cond" truecount="4" falsecount="0"/>
        <line num="9" count="20" type="stmt"/>
        <line num="12" count="7" type="stmt"/>
        <line num="14" count="9" type="stmt"/>
        <line num="16" count="7" type="stmt"/>
        <line num="23" count="1" type="cond" truecount="2" falsecount="0"/>
        <line num="24" count="5" type="stmt"/>
        <line num="25" count="5" type="stmt"/>
        <line num="26" count="5" type="stmt"/>
        <line num="27" count="5" type="stmt"/>
        <line num="28" count="5" type="stmt"/>
        <line num="30" count="18" type="cond" truecount="5" falsecount="1"/>
        <line num="32" count="4" type="stmt"/>
        <line num="34" count="5" type="stmt"/>
        <line num="36" count="2" type="stmt"/>
        <line num="38" count="4" type="stmt"/>
        <line num="40" count="3" type="stmt"/>
        <line num="42" count="0" type="stmt"/>
        <line num="45" count="5" type="stmt"/>
        <line num="50" count="5" type="stmt"/>
      </file>
    </package>
  </project>
</coverage>
