{"/Users/ildar/project_2/frontend-project-46/src/difference.js": {"path":"/Users/ildar/project_2/frontend-project-46/src/difference.js","statementMap":{"0":{"start":{"line":3,"column":16},"end":{"line":3,"column":43}},"1":{"start":{"line":3,"column":26},"end":{"line":3,"column":43}},"2":{"start":{"line":5,"column":17},"end":{"line":24,"column":1}},"3":{"start":{"line":6,"column":15},"end":{"line":6,"column":54}},"4":{"start":{"line":7,"column":19},"end":{"line":7,"column":33}},"5":{"start":{"line":9,"column":21},"end":{"line":22,"column":4}},"6":{"start":{"line":10,"column":4},"end":{"line":12,"column":5}},"7":{"start":{"line":11,"column":6},"end":{"line":11,"column":77}},"8":{"start":{"line":12,"column":6},"end":{"line":14,"column":5}},"9":{"start":{"line":13,"column":6},"end":{"line":13,"column":54}},"10":{"start":{"line":14,"column":6},"end":{"line":16,"column":5}},"11":{"start":{"line":15,"column":6},"end":{"line":15,"column":56}},"12":{"start":{"line":16,"column":6},"end":{"line":20,"column":5}},"13":{"start":{"line":17,"column":6},"end":{"line":19,"column":8}},"14":{"start":{"line":21,"column":4},"end":{"line":21,"column":56}},"15":{"start":{"line":23,"column":2},"end":{"line":23,"column":20}}},"fnMap":{"0":{"name":"(anonymous_0)","decl":{"start":{"line":3,"column":16},"end":{"line":3,"column":17}},"loc":{"start":{"line":3,"column":26},"end":{"line":3,"column":43}},"line":3},"1":{"name":"(anonymous_1)","decl":{"start":{"line":5,"column":17},"end":{"line":5,"column":18}},"loc":{"start":{"line":5,"column":35},"end":{"line":24,"column":1}},"line":5},"2":{"name":"(anonymous_2)","decl":{"start":{"line":9,"column":34},"end":{"line":9,"column":35}},"loc":{"start":{"line":9,"column":43},"end":{"line":22,"column":3}},"line":9}},"branchMap":{"0":{"loc":{"start":{"line":10,"column":4},"end":{"line":12,"column":5}},"type":"if","locations":[{"start":{"line":10,"column":4},"end":{"line":12,"column":5}},{"start":{},"end":{}}],"line":10},"1":{"loc":{"start":{"line":10,"column":8},"end":{"line":10,"column":56}},"type":"binary-expr","locations":[{"start":{"line":10,"column":8},"end":{"line":10,"column":30}},{"start":{"line":10,"column":34},"end":{"line":10,"column":56}}],"line":10},"2":{"loc":{"start":{"line":12,"column":6},"end":{"line":14,"column":5}},"type":"if","locations":[{"start":{"line":12,"column":6},"end":{"line":14,"column":5}},{"start":{},"end":{}}],"line":12},"3":{"loc":{"start":{"line":14,"column":6},"end":{"line":16,"column":5}},"type":"if","locations":[{"start":{"line":14,"column":6},"end":{"line":16,"column":5}},{"start":{},"end":{}}],"line":14},"4":{"loc":{"start":{"line":16,"column":6},"end":{"line":20,"column":5}},"type":"if","locations":[{"start":{"line":16,"column":6},"end":{"line":20,"column":5}},{"start":{},"end":{}}],"line":16}},"s":{"0":1,"1":20,"2":1,"3":10,"4":10,"5":10,"6":36,"7":8,"8":28,"9":10,"10":18,"11":4,"12":14,"13":8,"14":6,"15":10},"f":{"0":20,"1":10,"2":36},"b":{"0":[8,28],"1":[36,12],"2":[10,18],"3":[4,14],"4":[8,6]},"_coverageSchema":"1a1c01bbd47fc00a2c39e90264f33305004495a9","hash":"4bb98f8b38d726115433db65ba0841088c1ac344"}
,"/Users/ildar/project_2/frontend-project-46/src/index.js": {"path":"/Users/ildar/project_2/frontend-project-46/src/index.js","statementMap":{"0":{"start":{"line":5,"column":16},"end":{"line":11,"column":1}},"1":{"start":{"line":6,"column":16},"end":{"line":6,"column":35}},"2":{"start":{"line":7,"column":16},"end":{"line":7,"column":35}},"3":{"start":{"line":8,"column":15},"end":{"line":8,"column":37}},"4":{"start":{"line":9,"column":15},"end":{"line":9,"column":41}},"5":{"start":{"line":10,"column":2},"end":{"line":10,"column":14}}},"fnMap":{"0":{"name":"(anonymous_0)","decl":{"start":{"line":5,"column":16},"end":{"line":5,"column":17}},"loc":{"start":{"line":5,"column":50},"end":{"line":11,"column":1}},"line":5}},"branchMap":{},"s":{"0":1,"1":2,"2":2,"3":2,"4":2,"5":2},"f":{"0":2},"b":{},"_coverageSchema":"1a1c01bbd47fc00a2c39e90264f33305004495a9","hash":"4e1d9e0a54405ea37a102d83c67042de2ddbb2d2"}
,"/Users/ildar/project_2/frontend-project-46/src/parsers.js": {"path":"/Users/ildar/project_2/frontend-project-46/src/parsers.js","statementMap":{"0":{"start":{"line":5,"column":16},"end":{"line":5,"column":67}},"1":{"start":{"line":5,"column":30},"end":{"line":5,"column":67}},"2":{"start":{"line":6,"column":17},"end":{"line":17,"column":1}},"3":{"start":{"line":7,"column":15},"end":{"line":7,"column":49}},"4":{"start":{"line":8,"column":17},"end":{"line":8,"column":39}},"5":{"start":{"line":9,"column":2},"end":{"line":16,"column":3}},"6":{"start":{"line":11,"column":6},"end":{"line":11,"column":30}},"7":{"start":{"line":13,"column":6},"end":{"line":13,"column":29}},"8":{"start":{"line":15,"column":6},"end":{"line":15,"column":47}}},"fnMap":{"0":{"name":"(anonymous_0)","decl":{"start":{"line":5,"column":16},"end":{"line":5,"column":17}},"loc":{"start":{"line":5,"column":30},"end":{"line":5,"column":67}},"line":5},"1":{"name":"(anonymous_1)","decl":{"start":{"line":6,"column":17},"end":{"line":6,"column":18}},"loc":{"start":{"line":6,"column":31},"end":{"line":17,"column":1}},"line":6}},"branchMap":{"0":{"loc":{"start":{"line":9,"column":2},"end":{"line":16,"column":3}},"type":"switch","locations":[{"start":{"line":10,"column":4},"end":{"line":11,"column":30}},{"start":{"line":12,"column":4},"end":{"line":13,"column":29}},{"start":{"line":14,"column":4},"end":{"line":15,"column":47}}],"line":9}},"s":{"0":1,"1":4,"2":1,"3":4,"4":4,"5":4,"6":4,"7":0,"8":0},"f":{"0":4,"1":4},"b":{"0":[4,0,0]},"_coverageSchema":"1a1c01bbd47fc00a2c39e90264f33305004495a9","hash":"4299690fa6b765d33367ae16ffd1cc3ceaf11e3c"}
,"/Users/ildar/project_2/frontend-project-46/src/formatters/index.js": {"path":"/Users/ildar/project_2/frontend-project-46/src/formatters/index.js","statementMap":{"0":{"start":{"line":4,"column":21},"end":{"line":13,"column":1}},"1":{"start":{"line":5,"column":2},"end":{"line":12,"column":3}},"2":{"start":{"line":7,"column":6},"end":{"line":7,"column":27}},"3":{"start":{"line":9,"column":6},"end":{"line":9,"column":25}},"4":{"start":{"line":11,"column":6},"end":{"line":11,"column":67}}},"fnMap":{"0":{"name":"(anonymous_0)","decl":{"start":{"line":4,"column":21},"end":{"line":4,"column":22}},"loc":{"start":{"line":4,"column":39},"end":{"line":13,"column":1}},"line":4}},"branchMap":{"0":{"loc":{"start":{"line":5,"column":2},"end":{"line":12,"column":3}},"type":"switch","locations":[{"start":{"line":6,"column":4},"end":{"line":7,"column":27}},{"start":{"line":8,"column":4},"end":{"line":9,"column":25}},{"start":{"line":10,"column":4},"end":{"line":11,"column":67}}],"line":5}},"s":{"0":1,"1":2,"2":1,"3":1,"4":0},"f":{"0":2},"b":{"0":[1,1,0]},"_coverageSchema":"1a1c01bbd47fc00a2c39e90264f33305004495a9","hash":"782f57e4e28f98ed63a022e62f2fb7075f2cca33"}
,"/Users/ildar/project_2/frontend-project-46/src/formatters/plain.js": {"path":"/Users/ildar/project_2/frontend-project-46/src/formatters/plain.js","statementMap":{"0":{"start":{"line":3,"column":17},"end":{"line":11,"column":1}},"1":{"start":{"line":4,"column":2},"end":{"line":6,"column":3}},"2":{"start":{"line":5,"column":4},"end":{"line":5,"column":24}},"3":{"start":{"line":7,"column":2},"end":{"line":9,"column":3}},"4":{"start":{"line":8,"column":4},"end":{"line":8,"column":29}},"5":{"start":{"line":10,"column":2},"end":{"line":10,"column":15}},"6":{"start":{"line":13,"column":14},"end":{"line":35,"column":1}},"7":{"start":{"line":14,"column":14},"end":{"line":32,"column":6}},"8":{"start":{"line":14,"column":37},"end":{"line":14,"column":62}},"9":{"start":{"line":16,"column":34},"end":{"line":16,"column":39}},"10":{"start":{"line":17,"column":19},"end":{"line":17,"column":32}},"11":{"start":{"line":18,"column":6},"end":{"line":31,"column":7}},"12":{"start":{"line":20,"column":10},"end":{"line":20,"column":56}},"13":{"start":{"line":22,"column":10},"end":{"line":22,"column":79}},"14":{"start":{"line":24,"column":10},"end":{"line":24,"column":50}},"15":{"start":{"line":26,"column":10},"end":{"line":26,"column":111}},"16":{"start":{"line":28,"column":10},"end":{"line":28,"column":20}},"17":{"start":{"line":30,"column":10},"end":{"line":30,"column":25}},"18":{"start":{"line":33,"column":17},"end":{"line":33,"column":36}},"19":{"start":{"line":34,"column":2},"end":{"line":34,"column":16}}},"fnMap":{"0":{"name":"(anonymous_0)","decl":{"start":{"line":3,"column":17},"end":{"line":3,"column":18}},"loc":{"start":{"line":3,"column":28},"end":{"line":11,"column":1}},"line":3},"1":{"name":"(anonymous_1)","decl":{"start":{"line":13,"column":14},"end":{"line":13,"column":15}},"loc":{"start":{"line":13,"column":38},"end":{"line":35,"column":1}},"line":13},"2":{"name":"(anonymous_2)","decl":{"start":{"line":14,"column":26},"end":{"line":14,"column":27}},"loc":{"start":{"line":14,"column":37},"end":{"line":14,"column":62}},"line":14},"3":{"name":"(anonymous_3)","decl":{"start":{"line":15,"column":9},"end":{"line":15,"column":10}},"loc":{"start":{"line":15,"column":20},"end":{"line":32,"column":5}},"line":15}},"branchMap":{"0":{"loc":{"start":{"line":4,"column":2},"end":{"line":6,"column":3}},"type":"if","locations":[{"start":{"line":4,"column":2},"end":{"line":6,"column":3}},{"start":{},"end":{}}],"line":4},"1":{"loc":{"start":{"line":7,"column":2},"end":{"line":9,"column":3}},"type":"if","locations":[{"start":{"line":7,"column":2},"end":{"line":9,"column":3}},{"start":{},"end":{}}],"line":7},"2":{"loc":{"start":{"line":13,"column":21},"end":{"line":13,"column":33}},"type":"default-arg","locations":[{"start":{"line":13,"column":31},"end":{"line":13,"column":33}}],"line":13},"3":{"loc":{"start":{"line":18,"column":6},"end":{"line":31,"column":7}},"type":"switch","locations":[{"start":{"line":19,"column":8},"end":{"line":20,"column":56}},{"start":{"line":21,"column":8},"end":{"line":22,"column":79}},{"start":{"line":23,"column":8},"end":{"line":24,"column":50}},{"start":{"line":25,"column":8},"end":{"line":26,"column":111}},{"start":{"line":27,"column":8},"end":{"line":28,"column":20}},{"start":{"line":29,"column":8},"end":{"line":30,"column":25}}],"line":18}},"s":{"0":1,"1":13,"2":7,"3":6,"4":3,"5":3,"6":1,"7":5,"8":18,"9":15,"10":15,"11":15,"12":4,"13":5,"14":2,"15":4,"16":0,"17":0,"18":5,"19":5},"f":{"0":13,"1":5,"2":18,"3":15},"b":{"0":[7,6],"1":[3,3],"2":[1],"3":[4,5,2,4,0,0]},"_coverageSchema":"1a1c01bbd47fc00a2c39e90264f33305004495a9","hash":"06458223d85e38eb0821de935c6e24a30a814617"}
,"/Users/ildar/project_2/frontend-project-46/src/formatters/stylish.js": {"path":"/Users/ildar/project_2/frontend-project-46/src/formatters/stylish.js","statementMap":{"0":{"start":{"line":3,"column":18},"end":{"line":21,"column":1}},"1":{"start":{"line":4,"column":19},"end":{"line":4,"column":23}},"2":{"start":{"line":5,"column":21},"end":{"line":5,"column":40}},"3":{"start":{"line":6,"column":24},"end":{"line":6,"column":51}},"4":{"start":{"line":7,"column":24},"end":{"line":7,"column":69}},"5":{"start":{"line":8,"column":2},"end":{"line":10,"column":3}},"6":{"start":{"line":9,"column":4},"end":{"line":9,"column":22}},"7":{"start":{"line":12,"column":16},"end":{"line":14,"column":80}},"8":{"start":{"line":14,"column":25},"end":{"line":14,"column":79}},"9":{"start":{"line":16,"column":2},"end":{"line":20,"column":15}},"10":{"start":{"line":23,"column":16},"end":{"line":51,"column":1}},"11":{"start":{"line":24,"column":19},"end":{"line":24,"column":23}},"12":{"start":{"line":25,"column":21},"end":{"line":25,"column":40}},"13":{"start":{"line":26,"column":24},"end":{"line":26,"column":51}},"14":{"start":{"line":27,"column":24},"end":{"line":27,"column":65}},"15":{"start":{"line":28,"column":14},"end":{"line":44,"column":4}},"16":{"start":{"line":30,"column":4},"end":{"line":43,"column":5}},"17":{"start":{"line":32,"column":8},"end":{"line":32,"column":86}},"18":{"start":{"line":34,"column":8},"end":{"line":34,"column":82}},"19":{"start":{"line":36,"column":8},"end":{"line":36,"column":82}},"20":{"start":{"line":38,"column":8},"end":{"line":38,"column":150}},"21":{"start":{"line":40,"column":8},"end":{"line":40,"column":82}},"22":{"start":{"line":42,"column":8},"end":{"line":42,"column":23}},"23":{"start":{"line":45,"column":17},"end":{"line":49,"column":14}},"24":{"start":{"line":50,"column":2},"end":{"line":50,"column":16}}},"fnMap":{"0":{"name":"(anonymous_0)","decl":{"start":{"line":3,"column":18},"end":{"line":3,"column":19}},"loc":{"start":{"line":3,"column":53},"end":{"line":21,"column":1}},"line":3},"1":{"name":"(anonymous_1)","decl":{"start":{"line":14,"column":9},"end":{"line":14,"column":10}},"loc":{"start":{"line":14,"column":25},"end":{"line":14,"column":79}},"line":14},"2":{"name":"(anonymous_2)","decl":{"start":{"line":23,"column":16},"end":{"line":23,"column":17}},"loc":{"start":{"line":23,"column":54},"end":{"line":51,"column":1}},"line":23},"3":{"name":"(anonymous_3)","decl":{"start":{"line":28,"column":23},"end":{"line":28,"column":24}},"loc":{"start":{"line":28,"column":32},"end":{"line":44,"column":3}},"line":28}},"branchMap":{"0":{"loc":{"start":{"line":3,"column":33},"end":{"line":3,"column":48}},"type":"default-arg","locations":[{"start":{"line":3,"column":47},"end":{"line":3,"column":48}}],"line":3},"1":{"loc":{"start":{"line":8,"column":2},"end":{"line":10,"column":3}},"type":"if","locations":[{"start":{"line":8,"column":2},"end":{"line":10,"column":3}},{"start":{},"end":{}}],"line":8},"2":{"loc":{"start":{"line":8,"column":6},"end":{"line":8,"column":42}},"type":"binary-expr","locations":[{"start":{"line":8,"column":6},"end":{"line":8,"column":24}},{"start":{"line":8,"column":28},"end":{"line":8,"column":42}}],"line":8},"3":{"loc":{"start":{"line":23,"column":23},"end":{"line":23,"column":32}},"type":"default-arg","locations":[{"start":{"line":23,"column":31},"end":{"line":23,"column":32}}],"line":23},"4":{"loc":{"start":{"line":23,"column":34},"end":{"line":23,"column":49}},"type":"default-arg","locations":[{"start":{"line":23,"column":48},"end":{"line":23,"column":49}}],"line":23},"5":{"loc":{"start":{"line":30,"column":4},"end":{"line":43,"column":5}},"type":"switch","locations":[{"start":{"line":31,"column":6},"end":{"line":32,"column":86}},{"start":{"line":33,"column":6},"end":{"line":34,"column":82}},{"start":{"line":35,"column":6},"end":{"line":36,"column":82}},{"start":{"line":37,"column":6},"end":{"line":38,"column":150}},{"start":{"line":39,"column":6},"end":{"line":40,"column":82}},{"start":{"line":41,"column":6},"end":{"line":42,"column":23}}],"line":30}},"s":{"0":1,"1":27,"2":27,"3":27,"4":27,"5":27,"6":20,"7":7,"8":9,"9":7,"10":1,"11":5,"12":5,"13":5,"14":5,"15":5,"16":18,"17":4,"18":5,"19":2,"20":4,"21":3,"22":0,"23":5,"24":5},"f":{"0":27,"1":9,"2":5,"3":18},"b":{"0":[27],"1":[20,7],"2":[27,7],"3":[1],"4":[1],"5":[4,5,2,4,3,0]},"_coverageSchema":"1a1c01bbd47fc00a2c39e90264f33305004495a9","hash":"363244d8320ade1acc724123fd940f5e17202f8b"}
}
