TN:
SF:src/difference.js
FN:3,(anonymous_0)
FN:5,(anonymous_1)
FN:9,(anonymous_2)
FNF:3
FNH:3
FNDA:20,(anonymous_0)
FNDA:10,(anonymous_1)
FNDA:36,(anonymous_2)
DA:3,20
DA:5,1
DA:6,10
DA:7,10
DA:9,10
DA:10,36
DA:11,8
DA:12,28
DA:13,10
DA:14,18
DA:15,4
DA:16,14
DA:17,8
DA:21,6
DA:23,10
LF:15
LH:15
BRDA:10,0,0,8
BRDA:10,0,1,28
BRDA:10,1,0,36
BRDA:10,1,1,12
BRDA:12,2,0,10
BRDA:12,2,1,18
BRDA:14,3,0,4
BRDA:14,3,1,14
BRDA:16,4,0,8
BRDA:16,4,1,6
BRF:10
BRH:10
end_of_record
TN:
SF:src/index.js
FN:5,(anonymous_0)
FNF:1
FNH:1
FNDA:2,(anonymous_0)
DA:5,1
DA:6,2
DA:7,2
DA:8,2
DA:9,2
DA:10,2
LF:6
LH:6
BRF:0
BRH:0
end_of_record
TN:
SF:src/parsers.js
FN:5,(anonymous_0)
FN:6,(anonymous_1)
FNF:2
FNH:2
FNDA:4,(anonymous_0)
FNDA:4,(anonymous_1)
DA:5,4
DA:6,1
DA:7,4
DA:8,4
DA:9,4
DA:11,4
DA:13,0
DA:15,0
LF:8
LH:6
BRDA:9,0,0,4
BRDA:9,0,1,0
BRDA:9,0,2,0
BRF:3
BRH:1
end_of_record
TN:
SF:src/formatters/index.js
FN:4,(anonymous_0)
FNF:1
FNH:1
FNDA:2,(anonymous_0)
DA:4,1
DA:5,2
DA:7,1
DA:9,1
DA:11,0
LF:5
LH:4
BRDA:5,0,0,1
BRDA:5,0,1,1
BRDA:5,0,2,0
BRF:3
BRH:2
end_of_record
TN:
SF:src/formatters/plain.js
FN:3,(anonymous_0)
FN:13,(anonymous_1)
FN:14,(anonymous_2)
FN:15,(anonymous_3)
FNF:4
FNH:4
FNDA:13,(anonymous_0)
FNDA:5,(anonymous_1)
FNDA:18,(anonymous_2)
FNDA:15,(anonymous_3)
DA:3,1
DA:4,13
DA:5,7
DA:7,6
DA:8,3
DA:10,3
DA:13,1
DA:14,18
DA:16,15
DA:17,15
DA:18,15
DA:20,4
DA:22,5
DA:24,2
DA:26,4
DA:28,0
DA:30,0
DA:33,5
DA:34,5
LF:19
LH:17
BRDA:4,0,0,7
BRDA:4,0,1,6
BRDA:7,1,0,3
BRDA:7,1,1,3
BRDA:13,2,0,1
BRDA:18,3,0,4
BRDA:18,3,1,5
BRDA:18,3,2,2
BRDA:18,3,3,4
BRDA:18,3,4,0
BRDA:18,3,5,0
BRF:11
BRH:9
end_of_record
TN:
SF:src/formatters/stylish.js
FN:3,(anonymous_0)
FN:14,(anonymous_1)
FN:23,(anonymous_2)
FN:28,(anonymous_3)
FNF:4
FNH:4
FNDA:27,(anonymous_0)
FNDA:9,(anonymous_1)
FNDA:5,(anonymous_2)
FNDA:18,(anonymous_3)
DA:3,1
DA:4,27
DA:5,27
DA:6,27
DA:7,27
DA:8,27
DA:9,20
DA:12,7
DA:14,9
DA:16,7
DA:23,1
DA:24,5
DA:25,5
DA:26,5
DA:27,5
DA:28,5
DA:30,18
DA:32,4
DA:34,5
DA:36,2
DA:38,4
DA:40,3
DA:42,0
DA:45,5
DA:50,5
LF:25
LH:24
BRDA:3,0,0,27
BRDA:8,1,0,20
BRDA:8,1,1,7
BRDA:8,2,0,27
BRDA:8,2,1,7
BRDA:23,3,0,1
BRDA:23,4,0,1
BRDA:30,5,0,4
BRDA:30,5,1,5
BRDA:30,5,2,2
BRDA:30,5,3,4
BRDA:30,5,4,3
BRDA:30,5,5,0
BRF:13
BRH:12
end_of_record
